<?xml version="1.0" encoding="UTF-8"?>
<!-- Generated by org.testng.reporters.JUnitXMLReporter -->
<testsuite hostname="C4HSZY2" ignored="0" name="IE_CreateBGGetawayPackage" tests="5" failures="0" timestamp="02 Dec 2019 14:28:27 GMT" time="0.322" errors="0">
  <testcase name="@BeforeSuite beforeSuite" time="0.0" classname="com.cai.qa.bg.testBase.BaseTest">
    <failure type="org.testng.TestNGException" message="
Parameter &amp;apos;BrowserName&amp;apos; is required by BeforeSuite on method beforeSuite but has not been marked @Optional or defined
in E:\Workspace\AutomationFramework\SmokeTest.xml">
      <![CDATA[org.testng.TestNGException: Parameter 'BrowserName' is required by BeforeSuite on method beforeSuite but has not been marked @Optional or definedin E:\Workspace\AutomationFramework\SmokeTest.xml... Removed 17 stack frames]]>
    </failure>
  </testcase> <!-- @BeforeSuite beforeSuite -->
  <testcase name="@BeforeTest beforeTest" time="0.0" classname="com.cai.qa.bg.testBase.BaseTest">
    <skipped/>
  </testcase> <!-- @BeforeTest beforeTest -->
  <testcase name="@BeforeClass beforeClass" time="0.0" classname="com.cai.qa.bg.testBase.BaseTest">
    <skipped/>
  </testcase> <!-- @BeforeClass beforeClass -->
  <testcase name="@AfterMethod afterMethod" time="0.0" classname="com.cai.qa.bg.testBase.BaseTest">
    <skipped/>
  </testcase> <!-- @AfterMethod afterMethod -->
  <testcase name="@AfterMethod afterMethod" time="0.0" classname="com.cai.qa.bg.testBase.BaseTest">
    <skipped/>
  </testcase> <!-- @AfterMethod afterMethod -->
  <testcase name="@AfterMethod afterMethod" time="0.0" classname="com.cai.qa.bg.testBase.BaseTest">
    <skipped/>
  </testcase> <!-- @AfterMethod afterMethod -->
  <testcase name="@AfterMethod afterMethod" time="0.0" classname="com.cai.qa.bg.testBase.BaseTest">
    <skipped/>
  </testcase> <!-- @AfterMethod afterMethod -->
  <testcase name="@AfterMethod afterMethod" time="0.0" classname="com.cai.qa.bg.testBase.BaseTest">
    <skipped/>
  </testcase> <!-- @AfterMethod afterMethod -->
  <testcase name="@AfterClass afterClass" time="0.0" classname="com.cai.qa.bg.testBase.BaseTest">
    <skipped/>
  </testcase> <!-- @AfterClass afterClass -->
  <testcase name="Launch" time="0.0" classname="com.cai.qa.bg.testScripts.BGG.CreateBGGetawayPackage">
    <skipped/>
  </testcase> <!-- Launch -->
  <testcase name="SelectDestination" time="0.0" classname="com.cai.qa.bg.testScripts.BGG.CreateBGGetawayPackage">
    <skipped/>
  </testcase> <!-- SelectDestination -->
  <testcase name="CheckAvailability" time="0.0" classname="com.cai.qa.bg.testScripts.BGG.CreateBGGetawayPackage">
    <skipped/>
  </testcase> <!-- CheckAvailability -->
  <testcase name="ConfirmAvailability" time="0.0" classname="com.cai.qa.bg.testScripts.BGG.CreateBGGetawayPackage">
    <skipped/>
  </testcase> <!-- ConfirmAvailability -->
  <testcase name="EnterPersonalInformationnBookPackage" time="0.0" classname="com.cai.qa.bg.testScripts.BGG.CreateBGGetawayPackage">
    <skipped/>
  </testcase> <!-- EnterPersonalInformationnBookPackage -->
</testsuite> <!-- IE_CreateBGGetawayPackage -->
